<?xml version="1.0" encoding="UTF-8"?>
<testng-results skipped="0" failed="0" total="1" passed="1">
  <reporter-output>
  </reporter-output>
  <suite name="Default suite" duration-ms="14" started-at="2020-05-31T03:09:26Z" finished-at="2020-05-31T03:09:26Z">
    <groups>
    </groups>
    <test name="Default test" duration-ms="14" started-at="2020-05-31T03:09:26Z" finished-at="2020-05-31T03:09:26Z">
      <class name="com.accenture.testng.NewTest03">
        <test-method status="PASS" signature="beforeSuite()[pri:0, instance:com.accenture.testng.NewTest03@224aed64]" name="beforeSuite" is-config="true" duration-ms="11" started-at="2020-05-31T08:39:26Z" finished-at="2020-05-31T08:39:26Z">
          <reporter-output>
          </reporter-output>
        </test-method> <!-- beforeSuite -->
        <test-method status="PASS" signature="beforeTest()[pri:0, instance:com.accenture.testng.NewTest03@224aed64]" name="beforeTest" is-config="true" duration-ms="0" started-at="2020-05-31T08:39:26Z" finished-at="2020-05-31T08:39:26Z">
          <reporter-output>
          </reporter-output>
        </test-method> <!-- beforeTest -->
        <test-method status="PASS" signature="beforeClass()[pri:0, instance:com.accenture.testng.NewTest03@224aed64]" name="beforeClass" is-config="true" duration-ms="0" started-at="2020-05-31T08:39:26Z" finished-at="2020-05-31T08:39:26Z">
          <reporter-output>
          </reporter-output>
        </test-method> <!-- beforeClass -->
        <test-method status="PASS" signature="method1()[pri:0, instance:com.accenture.testng.NewTest03@224aed64]" name="method1" duration-ms="3" started-at="2020-05-31T08:39:26Z" finished-at="2020-05-31T08:39:26Z">
          <reporter-output>
          </reporter-output>
        </test-method> <!-- method1 -->
        <test-method status="PASS" signature="afterClass()[pri:0, instance:com.accenture.testng.NewTest03@224aed64]" name="afterClass" is-config="true" duration-ms="0" started-at="2020-05-31T08:39:26Z" finished-at="2020-05-31T08:39:26Z">
          <reporter-output>
          </reporter-output>
        </test-method> <!-- afterClass -->
        <test-method status="PASS" signature="afterTest()[pri:0, instance:com.accenture.testng.NewTest03@224aed64]" name="afterTest" is-config="true" duration-ms="0" started-at="2020-05-31T08:39:26Z" finished-at="2020-05-31T08:39:26Z">
          <reporter-output>
          </reporter-output>
        </test-method> <!-- afterTest -->
        <test-method status="PASS" signature="afterSuite()[pri:0, instance:com.accenture.testng.NewTest03@224aed64]" name="afterSuite" is-config="true" duration-ms="0" started-at="2020-05-31T08:39:26Z" finished-at="2020-05-31T08:39:26Z">
          <reporter-output>
          </reporter-output>
        </test-method> <!-- afterSuite -->
      </class> <!-- com.accenture.testng.NewTest03 -->
    </test> <!-- Default test -->
  </suite> <!-- Default suite -->
</testng-results>
